Determining if the function sgemm_ exists failed with the following output:
Change Dir: /home/aiv/YongJun_ws/ros2_ws/build/zed_wrapper/CMakeFiles/CMakeTmp

Run Build Command(s):/usr/bin/make cmTC_fca12/fast && /usr/bin/make -f CMakeFiles/cmTC_fca12.dir/build.make CMakeFiles/cmTC_fca12.dir/build
make[1]: Entering directory '/home/aiv/YongJun_ws/ros2_ws/build/zed_wrapper/CMakeFiles/CMakeTmp'
Building C object CMakeFiles/cmTC_fca12.dir/CheckFunctionExists.c.o
/usr/bin/cc   -DCHECK_FUNCTION_EXISTS=sgemm_   -o CMakeFiles/cmTC_fca12.dir/CheckFunctionExists.c.o   -c /usr/share/cmake-3.16/Modules/CheckFunctionExists.c
Linking C executable cmTC_fca12
/usr/bin/cmake -E cmake_link_script CMakeFiles/cmTC_fca12.dir/link.txt --verbose=1
/usr/bin/cc  -DCHECK_FUNCTION_EXISTS=sgemm_    CMakeFiles/cmTC_fca12.dir/CheckFunctionExists.c.o  -o cmTC_fca12 
/usr/bin/ld: CMakeFiles/cmTC_fca12.dir/CheckFunctionExists.c.o: in function `main':
CheckFunctionExists.c:(.text+0x14): undefined reference to `sgemm_'
collect2: error: ld returned 1 exit status
make[1]: *** [CMakeFiles/cmTC_fca12.dir/build.make:87: cmTC_fca12] Error 1
make[1]: Leaving directory '/home/aiv/YongJun_ws/ros2_ws/build/zed_wrapper/CMakeFiles/CMakeTmp'
make: *** [Makefile:121: cmTC_fca12/fast] Error 2



Performing C SOURCE FILE Test CMAKE_HAVE_LIBC_PTHREAD failed with the following output:
Change Dir: /home/aiv/YongJun_ws/ros2_ws/build/zed_wrapper/CMakeFiles/CMakeTmp

Run Build Command(s):/usr/bin/make cmTC_65e8b/fast && /usr/bin/make -f CMakeFiles/cmTC_65e8b.dir/build.make CMakeFiles/cmTC_65e8b.dir/build
make[1]: Entering directory '/home/aiv/YongJun_ws/ros2_ws/build/zed_wrapper/CMakeFiles/CMakeTmp'
Building C object CMakeFiles/cmTC_65e8b.dir/src.c.o
/usr/bin/cc   -DCMAKE_HAVE_LIBC_PTHREAD   -o CMakeFiles/cmTC_65e8b.dir/src.c.o   -c /home/aiv/YongJun_ws/ros2_ws/build/zed_wrapper/CMakeFiles/CMakeTmp/src.c
Linking C executable cmTC_65e8b
/usr/bin/cmake -E cmake_link_script CMakeFiles/cmTC_65e8b.dir/link.txt --verbose=1
/usr/bin/cc  -DCMAKE_HAVE_LIBC_PTHREAD    CMakeFiles/cmTC_65e8b.dir/src.c.o  -o cmTC_65e8b 
/usr/bin/ld: CMakeFiles/cmTC_65e8b.dir/src.c.o: in function `main':
src.c:(.text+0x46): undefined reference to `pthread_create'
/usr/bin/ld: src.c:(.text+0x52): undefined reference to `pthread_detach'
/usr/bin/ld: src.c:(.text+0x63): undefined reference to `pthread_join'
collect2: error: ld returned 1 exit status
make[1]: *** [CMakeFiles/cmTC_65e8b.dir/build.make:87: cmTC_65e8b] Error 1
make[1]: Leaving directory '/home/aiv/YongJun_ws/ros2_ws/build/zed_wrapper/CMakeFiles/CMakeTmp'
make: *** [Makefile:121: cmTC_65e8b/fast] Error 2


Source file was:
#include <pthread.h>

void* test_func(void* data)
{
  return data;
}

int main(void)
{
  pthread_t thread;
  pthread_create(&thread, NULL, test_func, NULL);
  pthread_detach(thread);
  pthread_join(thread, NULL);
  pthread_atfork(NULL, NULL, NULL);
  pthread_exit(NULL);

  return 0;
}

Determining if the function pthread_create exists in the pthreads failed with the following output:
Change Dir: /home/aiv/YongJun_ws/ros2_ws/build/zed_wrapper/CMakeFiles/CMakeTmp

Run Build Command(s):/usr/bin/make cmTC_64826/fast && /usr/bin/make -f CMakeFiles/cmTC_64826.dir/build.make CMakeFiles/cmTC_64826.dir/build
make[1]: Entering directory '/home/aiv/YongJun_ws/ros2_ws/build/zed_wrapper/CMakeFiles/CMakeTmp'
Building C object CMakeFiles/cmTC_64826.dir/CheckFunctionExists.c.o
/usr/bin/cc   -DCHECK_FUNCTION_EXISTS=pthread_create   -o CMakeFiles/cmTC_64826.dir/CheckFunctionExists.c.o   -c /usr/share/cmake-3.16/Modules/CheckFunctionExists.c
Linking C executable cmTC_64826
/usr/bin/cmake -E cmake_link_script CMakeFiles/cmTC_64826.dir/link.txt --verbose=1
/usr/bin/cc  -DCHECK_FUNCTION_EXISTS=pthread_create    CMakeFiles/cmTC_64826.dir/CheckFunctionExists.c.o  -o cmTC_64826  -lpthreads 
/usr/bin/ld: cannot find -lpthreads
collect2: error: ld returned 1 exit status
make[1]: *** [CMakeFiles/cmTC_64826.dir/build.make:87: cmTC_64826] Error 1
make[1]: Leaving directory '/home/aiv/YongJun_ws/ros2_ws/build/zed_wrapper/CMakeFiles/CMakeTmp'
make: *** [Makefile:121: cmTC_64826/fast] Error 2



